\BOOKMARK [1][-]{section.1}{\376\377\0001\000\040\000D\000o\000c\000u\000m\000e\000n\000t\000a\000t\000i\000o\000n\000\040\000d\000e\000s\000\040\000s\000t\000r\000u\000c\000t\000u\000r\000e\000s\000\040\000d\000e\000\040\000d\000o\000n\000n\000\351\000e\000s}{}% 1
\BOOKMARK [2][-]{subsection.1.1}{\376\377\0001\000.\0001\000\040\000R\000\351\000f\000\351\000r\000e\000n\000c\000e\000\040\000d\000e\000\040\000l\000a\000\040\000s\000t\000r\000u\000c\000t\000u\000r\000e\000\040\000C\000i\000t\000y}{section.1}% 2
\BOOKMARK [3][-]{subsubsection.1.1.1}{\376\377\0001\000.\0001\000.\0001\000\040\000D\000o\000c\000u\000m\000e\000n\000t\000a\000t\000i\000o\000n\000\040\000d\000e\000s\000\040\000c\000h\000a\000m\000p\000s}{subsection.1.1}% 3
\BOOKMARK [2][-]{subsection.1.2}{\376\377\0001\000.\0002\000\040\000R\000\351\000f\000\351\000r\000e\000n\000c\000e\000\040\000d\000e\000\040\000l\000a\000\040\000s\000t\000r\000u\000c\000t\000u\000r\000e\000\040\000I\000n\000f\000o\000s}{section.1}% 4
\BOOKMARK [3][-]{subsubsection.1.2.1}{\376\377\0001\000.\0002\000.\0001\000\040\000D\000o\000c\000u\000m\000e\000n\000t\000a\000t\000i\000o\000n\000\040\000d\000e\000s\000\040\000c\000h\000a\000m\000p\000s}{subsection.1.2}% 5
\BOOKMARK [2][-]{subsection.1.3}{\376\377\0001\000.\0003\000\040\000R\000\351\000f\000\351\000r\000e\000n\000c\000e\000\040\000d\000e\000\040\000l\000a\000\040\000s\000t\000r\000u\000c\000t\000u\000r\000e\000\040\000M\000a\000t\000r\000i\000x}{section.1}% 6
\BOOKMARK [3][-]{subsubsection.1.3.1}{\376\377\0001\000.\0003\000.\0001\000\040\000D\000o\000c\000u\000m\000e\000n\000t\000a\000t\000i\000o\000n\000\040\000d\000e\000s\000\040\000c\000h\000a\000m\000p\000s}{subsection.1.3}% 7
\BOOKMARK [2][-]{subsection.1.4}{\376\377\0001\000.\0004\000\040\000R\000\351\000f\000\351\000r\000e\000n\000c\000e\000\040\000d\000e\000\040\000l\000a\000\040\000s\000t\000r\000u\000c\000t\000u\000r\000e\000\040\000R\000e\000s\000u\000l\000t\000s}{section.1}% 8
\BOOKMARK [3][-]{subsubsection.1.4.1}{\376\377\0001\000.\0004\000.\0001\000\040\000D\000o\000c\000u\000m\000e\000n\000t\000a\000t\000i\000o\000n\000\040\000d\000e\000s\000\040\000c\000h\000a\000m\000p\000s}{subsection.1.4}% 9
\BOOKMARK [1][-]{section.2}{\376\377\0002\000\040\000D\000o\000c\000u\000m\000e\000n\000t\000a\000t\000i\000o\000n\000\040\000d\000e\000s\000\040\000f\000i\000c\000h\000i\000e\000r\000s}{}% 10
\BOOKMARK [2][-]{subsection.2.1}{\376\377\0002\000.\0001\000\040\000R\000\351\000f\000\351\000r\000e\000n\000c\000e\000\040\000d\000u\000\040\000f\000i\000c\000h\000i\000e\000r\000\040\000g\000e\000n\000e\000t\000i\000q\000u\000e\000/\000g\000a\000.\000c}{section.2}% 11
\BOOKMARK [3][-]{subsubsection.2.1.1}{\376\377\0002\000.\0001\000.\0001\000\040\000D\000o\000c\000u\000m\000e\000n\000t\000a\000t\000i\000o\000n\000\040\000d\000e\000s\000\040\000f\000o\000n\000c\000t\000i\000o\000n\000s}{subsection.2.1}% 12
\BOOKMARK [2][-]{subsection.2.2}{\376\377\0002\000.\0002\000\040\000R\000\351\000f\000\351\000r\000e\000n\000c\000e\000\040\000d\000u\000\040\000f\000i\000c\000h\000i\000e\000r\000\040\000g\000e\000n\000e\000t\000i\000q\000u\000e\000/\000g\000a\000.\000h}{section.2}% 13
\BOOKMARK [3][-]{subsubsection.2.2.1}{\376\377\0002\000.\0002\000.\0001\000\040\000D\000o\000c\000u\000m\000e\000n\000t\000a\000t\000i\000o\000n\000\040\000d\000e\000s\000\040\000f\000o\000n\000c\000t\000i\000o\000n\000s}{subsection.2.2}% 14
\BOOKMARK [2][-]{subsection.2.3}{\376\377\0002\000.\0003\000\040\000g\000a\000.\000h}{section.2}% 15
\BOOKMARK [2][-]{subsection.2.4}{\376\377\0002\000.\0004\000\040\000R\000\351\000f\000\351\000r\000e\000n\000c\000e\000\040\000d\000u\000\040\000f\000i\000c\000h\000i\000e\000r\000\040\000h\000e\000u\000r\000i\000s\000t\000i\000q\000u\000e\000s\000/\000n\000e\000a\000r\000e\000s\000t\000n\000e\000i\000g\000h\000b\000o\000r\000.\000c}{section.2}% 16
\BOOKMARK [3][-]{subsubsection.2.4.1}{\376\377\0002\000.\0004\000.\0001\000\040\000D\000o\000c\000u\000m\000e\000n\000t\000a\000t\000i\000o\000n\000\040\000d\000e\000s\000\040\000f\000o\000n\000c\000t\000i\000o\000n\000s}{subsection.2.4}% 17
\BOOKMARK [2][-]{subsection.2.5}{\376\377\0002\000.\0005\000\040\000R\000\351\000f\000\351\000r\000e\000n\000c\000e\000\040\000d\000u\000\040\000f\000i\000c\000h\000i\000e\000r\000\040\000h\000e\000u\000r\000i\000s\000t\000i\000q\000u\000e\000s\000/\000n\000e\000a\000r\000e\000s\000t\000n\000e\000i\000g\000h\000b\000o\000r\000.\000h}{section.2}% 18
\BOOKMARK [3][-]{subsubsection.2.5.1}{\376\377\0002\000.\0005\000.\0001\000\040\000D\000o\000c\000u\000m\000e\000n\000t\000a\000t\000i\000o\000n\000\040\000d\000e\000s\000\040\000f\000o\000n\000c\000t\000i\000o\000n\000s}{subsection.2.5}% 19
\BOOKMARK [2][-]{subsection.2.6}{\376\377\0002\000.\0006\000\040\000n\000e\000a\000r\000e\000s\000t\000n\000e\000i\000g\000h\000b\000o\000r\000.\000h}{section.2}% 20
\BOOKMARK [2][-]{subsection.2.7}{\376\377\0002\000.\0007\000\040\000R\000\351\000f\000\351\000r\000e\000n\000c\000e\000\040\000d\000u\000\040\000f\000i\000c\000h\000i\000e\000r\000\040\000h\000e\000u\000r\000i\000s\000t\000i\000q\000u\000e\000s\000/\000r\000a\000n\000d\000o\000m\000w\000a\000l\000k\000.\000c}{section.2}% 21
\BOOKMARK [3][-]{subsubsection.2.7.1}{\376\377\0002\000.\0007\000.\0001\000\040\000D\000o\000c\000u\000m\000e\000n\000t\000a\000t\000i\000o\000n\000\040\000d\000e\000s\000\040\000f\000o\000n\000c\000t\000i\000o\000n\000s}{subsection.2.7}% 22
\BOOKMARK [2][-]{subsection.2.8}{\376\377\0002\000.\0008\000\040\000R\000\351\000f\000\351\000r\000e\000n\000c\000e\000\040\000d\000u\000\040\000f\000i\000c\000h\000i\000e\000r\000\040\000h\000e\000u\000r\000i\000s\000t\000i\000q\000u\000e\000s\000/\000r\000a\000n\000d\000o\000m\000w\000a\000l\000k\000.\000h}{section.2}% 23
\BOOKMARK [3][-]{subsubsection.2.8.1}{\376\377\0002\000.\0008\000.\0001\000\040\000D\000o\000c\000u\000m\000e\000n\000t\000a\000t\000i\000o\000n\000\040\000d\000e\000s\000\040\000f\000o\000n\000c\000t\000i\000o\000n\000s}{subsection.2.8}% 24
\BOOKMARK [2][-]{subsection.2.9}{\376\377\0002\000.\0009\000\040\000r\000a\000n\000d\000o\000m\000w\000a\000l\000k\000.\000h}{section.2}% 25
\BOOKMARK [2][-]{subsection.2.10}{\376\377\0002\000.\0001\0000\000\040\000R\000\351\000f\000\351\000r\000e\000n\000c\000e\000\040\000d\000u\000\040\000f\000i\000c\000h\000i\000e\000r\000\040\000m\000a\000i\000n\000.\000c}{section.2}% 26
\BOOKMARK [3][-]{subsubsection.2.10.1}{\376\377\0002\000.\0001\0000\000.\0001\000\040\000D\000o\000c\000u\000m\000e\000n\000t\000a\000t\000i\000o\000n\000\040\000d\000e\000s\000\040\000f\000o\000n\000c\000t\000i\000o\000n\000s}{subsection.2.10}% 27
\BOOKMARK [3][-]{subsubsection.2.10.2}{\376\377\0002\000.\0001\0000\000.\0002\000\040\000D\000o\000c\000u\000m\000e\000n\000t\000a\000t\000i\000o\000n\000\040\000d\000e\000s\000\040\000v\000a\000r\000i\000a\000b\000l\000e\000s}{subsection.2.10}% 28
\BOOKMARK [2][-]{subsection.2.11}{\376\377\0002\000.\0001\0001\000\040\000R\000\351\000f\000\351\000r\000e\000n\000c\000e\000\040\000d\000u\000\040\000f\000i\000c\000h\000i\000e\000r\000\040\000t\000a\000d\000/\000c\000i\000t\000y\000.\000c}{section.2}% 29
\BOOKMARK [3][-]{subsubsection.2.11.1}{\376\377\0002\000.\0001\0001\000.\0001\000\040\000D\000o\000c\000u\000m\000e\000n\000t\000a\000t\000i\000o\000n\000\040\000d\000e\000s\000\040\000f\000o\000n\000c\000t\000i\000o\000n\000s}{subsection.2.11}% 30
\BOOKMARK [2][-]{subsection.2.12}{\376\377\0002\000.\0001\0002\000\040\000R\000\351\000f\000\351\000r\000e\000n\000c\000e\000\040\000d\000u\000\040\000f\000i\000c\000h\000i\000e\000r\000\040\000t\000a\000d\000/\000c\000i\000t\000y\000.\000h}{section.2}% 31
\BOOKMARK [3][-]{subsubsection.2.12.1}{\376\377\0002\000.\0001\0002\000.\0001\000\040\000D\000o\000c\000u\000m\000e\000n\000t\000a\000t\000i\000o\000n\000\040\000d\000e\000s\000\040\000f\000o\000n\000c\000t\000i\000o\000n\000s}{subsection.2.12}% 32
\BOOKMARK [2][-]{subsection.2.13}{\376\377\0002\000.\0001\0003\000\040\000c\000i\000t\000y\000.\000h}{section.2}% 33
\BOOKMARK [2][-]{subsection.2.14}{\376\377\0002\000.\0001\0004\000\040\000R\000\351\000f\000\351\000r\000e\000n\000c\000e\000\040\000d\000u\000\040\000f\000i\000c\000h\000i\000e\000r\000\040\000t\000a\000d\000/\000m\000a\000t\000r\000i\000x\000.\000c}{section.2}% 34
\BOOKMARK [3][-]{subsubsection.2.14.1}{\376\377\0002\000.\0001\0004\000.\0001\000\040\000D\000o\000c\000u\000m\000e\000n\000t\000a\000t\000i\000o\000n\000\040\000d\000e\000s\000\040\000f\000o\000n\000c\000t\000i\000o\000n\000s}{subsection.2.14}% 35
\BOOKMARK [2][-]{subsection.2.15}{\376\377\0002\000.\0001\0005\000\040\000R\000\351\000f\000\351\000r\000e\000n\000c\000e\000\040\000d\000u\000\040\000f\000i\000c\000h\000i\000e\000r\000\040\000t\000a\000d\000/\000m\000a\000t\000r\000i\000x\000.\000h}{section.2}% 36
\BOOKMARK [3][-]{subsubsection.2.15.1}{\376\377\0002\000.\0001\0005\000.\0001\000\040\000D\000o\000c\000u\000m\000e\000n\000t\000a\000t\000i\000o\000n\000\040\000d\000e\000s\000\040\000f\000o\000n\000c\000t\000i\000o\000n\000s}{subsection.2.15}% 37
\BOOKMARK [2][-]{subsection.2.16}{\376\377\0002\000.\0001\0006\000\040\000m\000a\000t\000r\000i\000x\000.\000h}{section.2}% 38
\BOOKMARK [2][-]{subsection.2.17}{\376\377\0002\000.\0001\0007\000\040\000R\000\351\000f\000\351\000r\000e\000n\000c\000e\000\040\000d\000u\000\040\000f\000i\000c\000h\000i\000e\000r\000\040\000t\000a\000d\000/\000t\000s\000p\000.\000c}{section.2}% 39
\BOOKMARK [3][-]{subsubsection.2.17.1}{\376\377\0002\000.\0001\0007\000.\0001\000\040\000D\000o\000c\000u\000m\000e\000n\000t\000a\000t\000i\000o\000n\000\040\000d\000e\000s\000\040\000m\000a\000c\000r\000o\000s}{subsection.2.17}% 40
\BOOKMARK [3][-]{subsubsection.2.17.2}{\376\377\0002\000.\0001\0007\000.\0002\000\040\000D\000o\000c\000u\000m\000e\000n\000t\000a\000t\000i\000o\000n\000\040\000d\000e\000s\000\040\000d\000\351\000f\000i\000n\000i\000t\000i\000o\000n\000s\000\040\000d\000e\000\040\000t\000y\000p\000e}{subsection.2.17}% 41
\BOOKMARK [3][-]{subsubsection.2.17.3}{\376\377\0002\000.\0001\0007\000.\0003\000\040\000D\000o\000c\000u\000m\000e\000n\000t\000a\000t\000i\000o\000n\000\040\000d\000e\000s\000\040\000f\000o\000n\000c\000t\000i\000o\000n\000s}{subsection.2.17}% 42
\BOOKMARK [2][-]{subsection.2.18}{\376\377\0002\000.\0001\0008\000\040\000R\000\351\000f\000\351\000r\000e\000n\000c\000e\000\040\000d\000u\000\040\000f\000i\000c\000h\000i\000e\000r\000\040\000t\000a\000d\000/\000t\000s\000p\000.\000h}{section.2}% 43
\BOOKMARK [3][-]{subsubsection.2.18.1}{\376\377\0002\000.\0001\0008\000.\0001\000\040\000D\000o\000c\000u\000m\000e\000n\000t\000a\000t\000i\000o\000n\000\040\000d\000e\000s\000\040\000f\000o\000n\000c\000t\000i\000o\000n\000s}{subsection.2.18}% 44
\BOOKMARK [2][-]{subsection.2.19}{\376\377\0002\000.\0001\0009\000\040\000t\000s\000p\000.\000h}{section.2}% 45
\BOOKMARK [1][-]{section*.93}{\376\377\000I\000n\000d\000e\000x}{}% 46
